docker container exec manager docker service create --replicas 1 --publish 8000:8000 --name echo registry:5000/example/echo:latest
y85xati2c4584hc63jndxuflx
overall progress: 0 out of 1 tasks
1/1:
overall progress: 0 out of 1 tasks
overall progress: 0 out of 1 tasks
overall progress: 0 out of 1 tasks
overall progress: 0 out of 1 tasks
overall progress: 0 out of 1 tasks
overall progress: 0 out of 1 tasks
overall progress: 0 out of 1 tasks
overall progress: 0 out of 1 tasks
overall progress: 0 out of 1 tasks
overall progress: 1 out of 1 tasks
verify: Waiting 5 seconds to verify that tasks are stable...
verify: Waiting 5 seconds to verify that tasks are stable...
verify: Waiting 5 seconds to verify that tasks are stable...
verify: Waiting 5 seconds to verify that tasks are stable...
verify: Waiting 5 seconds to verify that tasks are stable...
verify: Waiting 4 seconds to verify that tasks are stable...
verify: Waiting 4 seconds to verify that tasks are stable...
verify: Waiting 4 seconds to verify that tasks are stable...
verify: Waiting 4 seconds to verify that tasks are stable...
verify: Waiting 3 seconds to verify that tasks are stable...
verify: Waiting 3 seconds to verify that tasks are stable...
verify: Waiting 3 seconds to verify that tasks are stable...
verify: Waiting 3 seconds to verify that tasks are stable...
verify: Waiting 3 seconds to verify that tasks are stable...
verify: Waiting 2 seconds to verify that tasks are stable...
verify: Waiting 2 seconds to verify that tasks are stable...
verify: Waiting 2 seconds to verify that tasks are stable...
verify: Waiting 2 seconds to verify that tasks are stable...
verify: Waiting 2 seconds to verify that tasks are stable...
verify: Waiting 1 seconds to verify that tasks are stable...
verify: Waiting 1 seconds to verify that tasks are stable...
verify: Waiting 1 seconds to verify that tasks are stable...
verify: Waiting 1 seconds to verify that tasks are stable...
verify: Service converged
SimpleApp> docker container exec -it manager docker service ls
ID             NAME      MODE         REPLICAS   IMAGE                               PORTS
y85xati2c458   echo      replicated   1/1        registry:5000/example/echo:latest   *:8000->8000/tcp
SimpleApp> docker container exec -it manager docker service scale echo=6
echo scaled to 6
overall progress: 6 out of 6 tasks
1/6: running   [==================================================>]
2/6: running   [==================================================>]
3/6: running   [==================================================>]
4/6: running   [==================================================>]
5/6: running   [==================================================>]
6/6: running   [==================================================>]
verify: Service converged
SimpleApp> docker container exec -it manager docker service ps echo | grep Running
m13p3z38fw4b   echo.1    registry:5000/example/echo:latest   545dee9e7968   Running         Running 5 minutes ago       
tljzb2m8lj4v   echo.2    registry:5000/example/echo:latest   8709a0716fbc   Running         Running about a minute ago  
9la9fyru2i5k   echo.3    registry:5000/example/echo:latest   8709a0716fbc   Running         Running about a minute ago  
n70qn579re84   echo.4    registry:5000/example/echo:latest   545dee9e7968   Running         Running 3 minutes ago       
tt9rgd2dnnpy   echo.5    registry:5000/example/echo:latest   f380d0f52d4b   Running         Running 3 minutes ago       
372kbismg4vk   echo.6    registry:5000/example/echo:latest   d31ff3485e38   Running         Running about a minute ago  
SimpleApp> docker container exec -it manager docker service rm echo
echo
SimpleApp> docker container exec -it manager docker service ls
ID        NAME      MODE      REPLICAS   IMAGE     PORTS