PS C:\Users\user> kubectl apply -f https://raw.githubusercontent.com/kubernetes/ingress-nginx/controller-v0.46.0/deploy/static/provider/cloud/deploy.yaml
namespace/ingress-nginx created
serviceaccount/ingress-nginx created
configmap/ingress-nginx-controller created
clusterrole.rbac.authorization.k8s.io/ingress-nginx created
clusterrolebinding.rbac.authorization.k8s.io/ingress-nginx created
role.rbac.authorization.k8s.io/ingress-nginx created
rolebinding.rbac.authorization.k8s.io/ingress-nginx created
service/ingress-nginx-controller-admission created
service/ingress-nginx-controller created
deployment.apps/ingress-nginx-controller created
validatingwebhookconfiguration.admissionregistration.k8s.io/ingress-nginx-admission created
serviceaccount/ingress-nginx-admission created
clusterrole.rbac.authorization.k8s.io/ingress-nginx-admission created
clusterrolebinding.rbac.authorization.k8s.io/ingress-nginx-admission created
role.rbac.authorization.k8s.io/ingress-nginx-admission created
rolebinding.rbac.authorization.k8s.io/ingress-nginx-admission created
job.batch/ingress-nginx-admission-create created
job.batch/ingress-nginx-admission-patch created
PS C:\Users\user> kubectl -n ingress-nginx get service,pod
NAME                                         TYPE           CLUSTER-IP      EXTERNAL-IP   PORT(S)                      AGE
service/ingress-nginx-controller             LoadBalancer   10.110.147.17   localhost     80:31399/TCP,443:32398/TCP   8m34s
service/ingress-nginx-controller-admission   ClusterIP      10.99.129.20    <none>        443/TCP                      8m34s

NAME                                            READY   STATUS      RESTARTS      AGE
pod/ingress-nginx-admission-create-8gj5m        0/1     Completed   0             8m32s
pod/ingress-nginx-controller-8659fc4979-dkjwn   0/1     Running     3 (39s ago)   8m33s